<?xml version="1.0" encoding="UTF-8"?>
<!-- Generated by org.testng.reporters.JUnitReportReporter -->
<testsuite skipped="0" hostname="AMITHENS-HP" name="mvnPackage.MVNProject.LoginTest" tests="1" failures="0" timestamp="07 Sep 2019 13:11:02 GMT" time="23.302" errors="0">
  <testcase name="titleTest" time="23.302" classname="mvnPackage.MVNProject.LoginTest"/>
</testsuite> <!-- mvnPackage.MVNProject.LoginTest -->
