<?xml version="1.0" encoding="UTF-8"?>
<!-- Generated by org.testng.reporters.JUnitReportReporter -->
<testsuite skipped="0" hostname="ew2vdiw8950" name="mvnPackage.MVNProject.Purge_1" tests="1" failures="0" timestamp="04 Sep 2019 13:50:09 GMT" time="62.435" errors="0">
  <testcase name="purgeCourses" time="62.435" classname="mvnPackage.MVNProject.Purge_1"/>
</testsuite> <!-- mvnPackage.MVNProject.Purge_1 -->
