<?xml version="1.0" encoding="UTF-8"?>
<!-- Generated by org.testng.reporters.JUnitReportReporter -->
<testsuite skipped="0" hostname="ew2vdiw8950" name="mvnPackage.MVNProject.Demo" tests="1" failures="0" timestamp="22 Aug 2019 11:22:05 GMT" time="52.888" errors="0">
  <testcase name="testLogin" time="52.888" classname="mvnPackage.MVNProject.Demo"/>
</testsuite> <!-- mvnPackage.MVNProject.Demo -->
