<?xml version="1.0" encoding="UTF-8"?>
<!-- Generated by org.testng.reporters.JUnitReportReporter -->
<testsuite skipped="0" hostname="ew2vdiw8950" name="mvnPackage.MVNProject.Purge" tests="1" failures="0" timestamp="04 Sep 2019 08:55:48 GMT" time="304.921" errors="0">
  <testcase name="purgeCourses" time="304.921" classname="mvnPackage.MVNProject.Purge"/>
</testsuite> <!-- mvnPackage.MVNProject.Purge -->
